2021-02-08T02:17:10.227+0530 INFO Starting MicroserviceBackboneApplication using Java 15.0.1 on Vivek_Nath with PID 17428 (C:\Users\hp\Documents\workspace-spring-tool-suite-4-4.9.0.RELEASE\microservice_backbone\target\classes started by hp in C:\Users\hp\Documents\workspace-spring-tool-suite-4-4.9.0.RELEASE\microservice_backbone)
2021-02-08T02:17:10.234+0530 INFO No active profile set, falling back to default profiles: default
2021-02-08T02:17:10.267+0530 INFO Devtools property defaults active! Set 'spring.devtools.add-properties' to 'false' to disable
2021-02-08T02:17:10.267+0530 INFO For additional web related logging consider setting the 'logging.level.web' property to 'DEBUG'
2021-02-08T02:17:11.144+0530 INFO Tomcat initialized with port(s): 8080 (http)
2021-02-08T02:17:11.159+0530 INFO Initializing ProtocolHandler ["http-nio-8080"]
2021-02-08T02:17:11.159+0530 INFO Starting service [Tomcat]
2021-02-08T02:17:11.160+0530 INFO Starting Servlet engine: [Apache Tomcat/9.0.41]
2021-02-08T02:17:11.214+0530 INFO Initializing Spring embedded WebApplicationContext
2021-02-08T02:17:11.215+0530 INFO Root WebApplicationContext: initialization completed in 947 ms
2021-02-08T02:17:11.296+0530 INFO HikariPool-1 - Starting...
2021-02-08T02:17:11.552+0530 INFO HikariPool-1 - Start completed.
2021-02-08T02:17:11.571+0530 INFO Unable to proxy interface-implementing method [public final void org.springframework.dao.support.DaoSupport.afterPropertiesSet() throws java.lang.IllegalArgumentException,org.springframework.beans.factory.BeanInitializationException] because it is marked as final: Consider using interface-based JDK proxies instead!
2021-02-08T02:17:11.689+0530 INFO Initializing ExecutorService 'applicationTaskExecutor'
2021-02-08T02:17:11.881+0530 INFO LiveReload server is running on port 35729
2021-02-08T02:17:11.893+0530 INFO Starting ProtocolHandler ["http-nio-8080"]
2021-02-08T02:17:11.920+0530 INFO Tomcat started on port(s): 8080 (http) with context path ''
2021-02-08T02:17:11.928+0530 INFO Started MicroserviceBackboneApplication in 2.104 seconds (JVM running for 3.263)
2021-02-08T02:18:22.776+0530 INFO Initializing Spring DispatcherServlet 'dispatcherServlet'
2021-02-08T02:18:22.776+0530 INFO Initializing Servlet 'dispatcherServlet'
2021-02-08T02:18:22.777+0530 INFO Completed initialization in 0 ms
2021-02-08T02:18:22.820+0530 INFO MicroController::getMessage Method call   :: 2021.02.08.02.18.22
2021-02-08T02:19:48.200+0530 INFO Shutting down ExecutorService 'applicationTaskExecutor'
2021-02-08T02:19:48.201+0530 INFO HikariPool-1 - Shutdown initiated...
2021-02-08T02:19:48.218+0530 INFO HikariPool-1 - Shutdown completed.
